Flow report for 230_Project_Master
Thu Mar 31 00:33:31 2016
Quartus II 32-bit Version 11.1 Build 173 11/01/2011 SJ Web Edition


---------------------
; Table of Contents ;
---------------------
  1. Legal Notice
  2. Flow Summary
  3. Flow Settings
  4. Flow Non-Default Global Settings
  5. Flow Elapsed Time
  6. Flow OS Summary
  7. Flow Log



----------------
; Legal Notice ;
----------------
Copyright (C) 1991-2011 Altera Corporation
Your use of Altera Corporation's design tools, logic functions 
and other software and tools, and its AMPP partner logic 
functions, and any output files from any of the foregoing 
(including device programming or simulation files), and any 
associated documentation or information are expressly subject 
to the terms and conditions of the Altera Program License 
Subscription Agreement, Altera MegaCore Function License 
Agreement, or other applicable license agreement, including, 
without limitation, that your use is for the sole purpose of 
programming logic devices manufactured by Altera and sold by 
Altera or its authorized distributors.  Please refer to the 
applicable agreement for further details.



+-------------------------------------------------------------------------------+
; Flow Summary                                                                  ;
+------------------------------------+------------------------------------------+
; Flow Status                        ; Successful - Thu Mar 31 00:33:31 2016    ;
; Quartus II 32-bit Version          ; 11.1 Build 173 11/01/2011 SJ Web Edition ;
; Revision Name                      ; 230_Project_Master                       ;
; Top-level Entity Name              ; Processor                                ;
; Family                             ; Cyclone II                               ;
; Total logic elements               ; 2,411 / 14,448 ( 17 % )                  ;
;     Total combinational functions  ; 2,374 / 14,448 ( 16 % )                  ;
;     Dedicated logic registers      ; 386 / 14,448 ( 3 % )                     ;
; Total registers                    ; 386                                      ;
; Total pins                         ; 229 / 315 ( 73 % )                       ;
; Total virtual pins                 ; 0                                        ;
; Total memory bits                  ; 0 / 239,616 ( 0 % )                      ;
; Embedded Multiplier 9-bit elements ; 0 / 52 ( 0 % )                           ;
; Total PLLs                         ; 0 / 4 ( 0 % )                            ;
; Device                             ; EP2C15AF484C6                            ;
; Timing Models                      ; Final                                    ;
+------------------------------------+------------------------------------------+


+-----------------------------------------+
; Flow Settings                           ;
+-------------------+---------------------+
; Option            ; Setting             ;
+-------------------+---------------------+
; Start date & time ; 03/31/2016 00:32:43 ;
; Main task         ; Compilation         ;
; Revision Name     ; 230_Project_Master  ;
+-------------------+---------------------+


+---------------------------------------------------------------------------------------------------------------------------+
; Flow Non-Default Global Settings                                                                                          ;
+-------------------------------------+---------------------------------+--------------------+-------------+----------------+
; Assignment Name                     ; Value                           ; Default Value      ; Entity Name ; Section Id     ;
+-------------------------------------+---------------------------------+--------------------+-------------+----------------+
; COMPILER_SIGNATURE_ID               ; 238368711529698.145940236307944 ; --                 ; --          ; --             ;
; EDA_OUTPUT_DATA_FORMAT              ; Vhdl                            ; --                 ; --          ; eda_simulation ;
; EDA_SIMULATION_RUN_SCRIPT           ; Project Part II/Team11_Part2.do ; --                 ; --          ; eda_simulation ;
; EDA_SIMULATION_TOOL                 ; ModelSim-Altera (VHDL)          ; <None>             ; --          ; --             ;
; EDA_TEST_BENCH_ENABLE_STATUS        ; COMMAND_MACRO_MODE              ; --                 ; --          ; eda_simulation ;
; OPTIMIZE_MULTI_CORNER_TIMING        ; On                              ; Off                ; --          ; --             ;
; PARTITION_COLOR                     ; 16764057                        ; --                 ; Processor   ; Top            ;
; PARTITION_FITTER_PRESERVATION_LEVEL ; PLACEMENT_AND_ROUTING           ; --                 ; Processor   ; Top            ;
; PARTITION_NETLIST_TYPE              ; SOURCE                          ; --                 ; Processor   ; Top            ;
; TOP_LEVEL_ENTITY                    ; Processor                       ; 230_Project_Master ; --          ; --             ;
+-------------------------------------+---------------------------------+--------------------+-------------+----------------+


+-------------------------------------------------------------------------------------------------------------------------------+
; Flow Elapsed Time                                                                                                             ;
+---------------------------+--------------+-------------------------+---------------------+------------------------------------+
; Module Name               ; Elapsed Time ; Average Processors Used ; Peak Virtual Memory ; Total CPU Time (on all processors) ;
+---------------------------+--------------+-------------------------+---------------------+------------------------------------+
; Analysis & Synthesis      ; 00:00:14     ; 1.0                     ; 333 MB              ; 00:00:12                           ;
; Fitter                    ; 00:00:10     ; 1.0                     ; 367 MB              ; 00:00:10                           ;
; Assembler                 ; 00:00:02     ; 1.0                     ; 298 MB              ; 00:00:02                           ;
; TimeQuest Timing Analyzer ; 00:00:12     ; 1.0                     ; 384 MB              ; 00:00:10                           ;
; EDA Netlist Writer        ; 00:00:04     ; 1.0                     ; 267 MB              ; 00:00:03                           ;
; Total                     ; 00:00:42     ; --                      ; --                  ; 00:00:37                           ;
+---------------------------+--------------+-------------------------+---------------------+------------------------------------+


+----------------------------------------------------------------------------------------+
; Flow OS Summary                                                                        ;
+---------------------------+------------------+-----------+------------+----------------+
; Module Name               ; Machine Hostname ; OS Name   ; OS Version ; Processor type ;
+---------------------------+------------------+-----------+------------+----------------+
; Analysis & Synthesis      ; CSELAB5-041      ; Windows 7 ; 6.1        ; x86_64         ;
; Fitter                    ; CSELAB5-041      ; Windows 7 ; 6.1        ; x86_64         ;
; Assembler                 ; CSELAB5-041      ; Windows 7 ; 6.1        ; x86_64         ;
; TimeQuest Timing Analyzer ; CSELAB5-041      ; Windows 7 ; 6.1        ; x86_64         ;
; EDA Netlist Writer        ; CSELAB5-041      ; Windows 7 ; 6.1        ; x86_64         ;
+---------------------------+------------------+-----------+------------+----------------+


------------
; Flow Log ;
------------
quartus_map --read_settings_files=on --write_settings_files=off 230_Project_Master -c 230_Project_Master
quartus_fit --read_settings_files=off --write_settings_files=off 230_Project_Master -c 230_Project_Master
quartus_asm --read_settings_files=off --write_settings_files=off 230_Project_Master -c 230_Project_Master
quartus_sta 230_Project_Master -c 230_Project_Master
quartus_eda --read_settings_files=off --write_settings_files=off 230_Project_Master -c 230_Project_Master



